<?xml version="1.0" encoding="UTF-8"?>
<!-- Generated by org.testng.reporters.JUnitXMLReporter -->
<testsuite hostname="HDC2-D-CBXQXJ2" ignored="1" name="Default test" tests="2" failures="0" timestamp="08 Jul 2019 09:53:30 GMT" time="0.041" errors="0">
  <testcase name="Login" time="0.005" classname="sample.DemoTestNg"/>
  <testcase name="Logout" time="0.002" classname="sample.DemoTestNg"/>
  <testcase name="openApp" time="0.0" classname="sample.DemoTestNg">
    <ignored/>
  </testcase> <!-- openApp -->
</testsuite> <!-- Default test -->
