<?xml version="1.0" encoding="UTF-8"?>
<testng-results skipped="0" failed="0" ignored="1" total="3" passed="2">
  <reporter-output>
  </reporter-output>
  <suite name="Default suite" duration-ms="41" started-at="2019-07-08T09:53:30Z" finished-at="2019-07-08T09:53:30Z">
    <groups>
    </groups>
    <test name="Default test" duration-ms="41" started-at="2019-07-08T09:53:30Z" finished-at="2019-07-08T09:53:30Z">
      <class name="sample.DemoTestNg">
        <test-method status="PASS" signature="beforeSuite()[pri:0, instance:sample.DemoTestNg@39c0f4a]" name="beforeSuite" is-config="true" duration-ms="41" started-at="2019-07-08T09:53:30Z" finished-at="2019-07-08T09:53:30Z">
          <reporter-output>
          </reporter-output>
        </test-method> <!-- beforeSuite -->
        <test-method status="PASS" signature="beforeTest()[pri:0, instance:sample.DemoTestNg@39c0f4a]" name="beforeTest" is-config="true" duration-ms="1" started-at="2019-07-08T09:53:30Z" finished-at="2019-07-08T09:53:30Z">
          <reporter-output>
          </reporter-output>
        </test-method> <!-- beforeTest -->
        <test-method status="PASS" signature="beforeClass()[pri:0, instance:sample.DemoTestNg@39c0f4a]" name="beforeClass" is-config="true" duration-ms="1" started-at="2019-07-08T09:53:30Z" finished-at="2019-07-08T09:53:30Z">
          <reporter-output>
          </reporter-output>
        </test-method> <!-- beforeClass -->
        <test-method status="PASS" signature="Login()[pri:2, instance:sample.DemoTestNg@39c0f4a]" name="Login" duration-ms="5" started-at="2019-07-08T09:53:30Z" finished-at="2019-07-08T09:53:30Z">
          <reporter-output>
          </reporter-output>
        </test-method> <!-- Login -->
        <test-method status="PASS" signature="beforeMethod()[pri:0, instance:sample.DemoTestNg@39c0f4a]" name="beforeMethod" is-config="true" duration-ms="0" started-at="2019-07-08T09:53:30Z" finished-at="2019-07-08T09:53:30Z">
          <reporter-output>
          </reporter-output>
        </test-method> <!-- beforeMethod -->
        <test-method status="PASS" signature="afterMethod()[pri:0, instance:sample.DemoTestNg@39c0f4a]" name="afterMethod" is-config="true" duration-ms="0" started-at="2019-07-08T09:53:30Z" finished-at="2019-07-08T09:53:30Z">
          <reporter-output>
          </reporter-output>
        </test-method> <!-- afterMethod -->
        <test-method status="PASS" signature="Logout()[pri:3, instance:sample.DemoTestNg@39c0f4a]" name="Logout" duration-ms="2" started-at="2019-07-08T09:53:30Z" finished-at="2019-07-08T09:53:30Z">
          <reporter-output>
          </reporter-output>
        </test-method> <!-- Logout -->
        <test-method status="PASS" signature="beforeMethod()[pri:0, instance:sample.DemoTestNg@39c0f4a]" name="beforeMethod" is-config="true" duration-ms="0" started-at="2019-07-08T09:53:30Z" finished-at="2019-07-08T09:53:30Z">
          <reporter-output>
          </reporter-output>
        </test-method> <!-- beforeMethod -->
        <test-method status="PASS" signature="afterMethod()[pri:0, instance:sample.DemoTestNg@39c0f4a]" name="afterMethod" is-config="true" duration-ms="1" started-at="2019-07-08T09:53:30Z" finished-at="2019-07-08T09:53:30Z">
          <reporter-output>
          </reporter-output>
        </test-method> <!-- afterMethod -->
        <test-method status="PASS" signature="afterTest()[pri:0, instance:sample.DemoTestNg@39c0f4a]" name="afterTest" is-config="true" duration-ms="0" started-at="2019-07-08T09:53:30Z" finished-at="2019-07-08T09:53:30Z">
          <reporter-output>
          </reporter-output>
        </test-method> <!-- afterTest -->
        <test-method status="PASS" signature="afterClass()[pri:0, instance:sample.DemoTestNg@39c0f4a]" name="afterClass" is-config="true" duration-ms="0" started-at="2019-07-08T09:53:30Z" finished-at="2019-07-08T09:53:30Z">
          <reporter-output>
          </reporter-output>
        </test-method> <!-- afterClass -->
        <test-method status="PASS" signature="afterSuite()[pri:0, instance:sample.DemoTestNg@39c0f4a]" name="afterSuite" is-config="true" duration-ms="0" started-at="2019-07-08T09:53:30Z" finished-at="2019-07-08T09:53:30Z">
          <reporter-output>
          </reporter-output>
        </test-method> <!-- afterSuite -->
      </class> <!-- sample.DemoTestNg -->
    </test> <!-- Default test -->
  </suite> <!-- Default suite -->
</testng-results>
